<?xml version="1.0" encoding="UTF-8"?>
<testng-results skipped="0" failed="0" ignored="0" total="1" passed="1">
  <reporter-output>
  </reporter-output>
  <suite name="Default suite" duration-ms="25800" started-at="2020-01-26T09:16:30 IST" finished-at="2020-01-26T09:16:55 IST">
    <groups>
    </groups>
    <test name="Default test" duration-ms="25800" started-at="2020-01-26T09:16:30 IST" finished-at="2020-01-26T09:16:55 IST">
      <class name="pedigree.PediTest">
        <test-method status="PASS" signature="beforeTest()[pri:0, instance:pedigree.PediTest@6737fd8f]" name="beforeTest" is-config="true" duration-ms="11541" started-at="2020-01-26T09:16:30 IST" finished-at="2020-01-26T09:16:41 IST">
          <reporter-output>
          </reporter-output>
        </test-method> <!-- beforeTest -->
        <test-method status="PASS" signature="f()[pri:0, instance:pedigree.PediTest@6737fd8f]" name="f" duration-ms="14176" started-at="2020-01-26T09:16:41 IST" finished-at="2020-01-26T09:16:55 IST">
          <reporter-output>
          </reporter-output>
        </test-method> <!-- f -->
        <test-method status="PASS" signature="afterTest()[pri:0, instance:pedigree.PediTest@6737fd8f]" name="afterTest" is-config="true" duration-ms="1" started-at="2020-01-26T09:16:55 IST" finished-at="2020-01-26T09:16:55 IST">
          <reporter-output>
          </reporter-output>
        </test-method> <!-- afterTest -->
      </class> <!-- pedigree.PediTest -->
    </test> <!-- Default test -->
  </suite> <!-- Default suite -->
</testng-results>
